<?xml version="1.0" encoding="UTF-8"?>
<!-- Generated by org.testng.reporters.JUnitReportReporter -->
<testsuite hostname="kemas" failures="0" tests="1" name="com.gcr.scripts.Login_Logout" time="26.426" errors="0" timestamp="2022-05-16T12:48:20 IST" skipped="0">
  <testcase classname="com.gcr.scripts.Login_Logout" name="Login_LogoutTestCase" time="26.426"/>
  <system-out/>
</testsuite> <!-- com.gcr.scripts.Login_Logout -->
