<?xml version="1.0" encoding="UTF-8"?>
<!-- Generated by org.testng.reporters.JUnitReportReporter -->
<testsuite hostname="kemas" failures="0" tests="1" name="com.gcr.scripts.Login_Logout_Excel" time="21.775" errors="0" timestamp="2021-12-10T13:26:20 IST" skipped="0">
  <testcase classname="com.gcr.scripts.Login_Logout_Excel" name="Login_Logout_ExcelTestCase" time="21.775"/>
  <system-out/>
</testsuite> <!-- com.gcr.scripts.Login_Logout_Excel -->
