<?xml version="1.0" encoding="UTF-8"?>
<!-- Generated by org.testng.reporters.JUnitReportReporter -->
<testsuite skipped="0" hostname="kemas" name="com.gcr.scripts.Login_Logout" tests="1" failures="0" timestamp="2022-05-26T16:40:03 IST" time="25.411" errors="0">
  <testcase name="Login_LogoutTestCase" time="25.411" classname="com.gcr.scripts.Login_Logout"/>
  <system-out/>
</testsuite> <!-- com.gcr.scripts.Login_Logout -->
